<?xml version="1.0" encoding="UTF-8"?>
<!-- Generated by org.testng.reporters.JUnitReportReporter -->
<testsuite skipped="0" hostname="MacBook-Air" name="com.hrms.testcases.LoginTest" tests="1" failures="0" timestamp="2020-05-30T14:03:59 EDT" time="9.107" errors="0">
  <testcase name="validAdminLogin" time="9.107" classname="com.hrms.testcases.LoginTest"/>
  <system-out/>
</testsuite> <!-- com.hrms.testcases.LoginTest -->
